<?xml version="1.0" encoding="UTF-8"?>
<testng-results ignored="0" total="1" passed="1" failed="0" skipped="0">
  <reporter-output>
  </reporter-output>
  <suite started-at="2026-05-07T12:43:24 IST" name="Default suite" finished-at="2026-05-07T12:43:47 IST" duration-ms="22344">
    <groups>
    </groups>
    <test started-at="2026-05-07T12:43:24 IST" name="Default test" finished-at="2026-05-07T12:43:47 IST" duration-ms="22344">
      <class name="tests.RemoveFromCartTest">
        <test-method is-config="true" signature="setup()[pri:0, instance:tests.RemoveFromCartTest@2dc54ad4]" started-at="2026-05-07T12:43:24 IST" name="setup" finished-at="2026-05-07T12:43:40 IST" duration-ms="15804" status="PASS">
          <reporter-output>
          </reporter-output>
        </test-method> <!-- setup -->
        <test-method signature="removeItemFromCart()[pri:0, instance:tests.RemoveFromCartTest@2dc54ad4]" started-at="2026-05-07T12:43:40 IST" name="removeItemFromCart" finished-at="2026-05-07T12:43:47 IST" duration-ms="6461" status="PASS">
          <reporter-output>
          </reporter-output>
        </test-method> <!-- removeItemFromCart -->
      </class> <!-- tests.RemoveFromCartTest -->
    </test> <!-- Default test -->
  </suite> <!-- Default suite -->
</testng-results>
